15:55:21  [main] 	Initialisere Control Panel
15:55:21  [main] 	Windows Version:  Home  64-bit
15:55:21  [main] 	XAMPP Version: 7.3.5
15:55:21  [main] 	Control Panel Version: 3.2.3  [ Compiled: Mar 7th 2019 ]
15:55:21  [main] 	Dein Benutzerprofil besitzt keine Administratorenrechte! Das reicht aus für die meisten
15:55:21  [main] 	Anwendungsfunktionen, aber wann immer du etwas mit Windows-Diensten tun möchtest,
15:55:21  [main] 	wird eine Sicherheitsabfrage erscheinen oder etwas wird garnicht erst funktionieren!
15:55:21  [main] 	Also denke daran diese Anwendung mit Administratorrechten zu starten!
15:55:21  [main] 	XAMPP Installationsverzeichnis: "c:\xampp\"
15:55:21  [main] 	Voraussetzungen werden geprüft
15:55:22  [main] 	Alle Voraussetzungen sind erfüllt
15:55:22  [main] 	Initialisiere Module
15:55:22  [main] 	Das Mercury Modul ist deaktiviert
15:55:22  [main] 	Das Tomcat Modul ist deaktiviert
15:55:22  [main] 	Starte Check-Timer
15:55:22  [main] 	Control Panel bereit
15:57:50  [Apache] 	Versuche Apache zu starten...
15:57:50  [Apache] 	Statusänderung erkannt: gestartet
17:29:53  [Apache] 	stoppe Modul Apache (PID: 5416)
17:29:53  [Apache] 	stoppe Modul Apache (PID: 14048)
17:29:53  [Apache] 	Statusänderung erkannt: gestoppt
17:30:30  [main] 	Deinitialisiere Module
17:30:30  [main] 	Deinitialisiere Control Panel

18:14:04  [main] 	Initialisere Control Panel
18:14:04  [main] 	Windows Version:  Home  64-bit
18:14:04  [main] 	XAMPP Version: 7.3.5
18:14:04  [main] 	Control Panel Version: 3.2.3  [ Compiled: Mar 7th 2019 ]
18:14:04  [main] 	Dein Benutzerprofil besitzt keine Administratorenrechte! Das reicht aus für die meisten
18:14:04  [main] 	Anwendungsfunktionen, aber wann immer du etwas mit Windows-Diensten tun möchtest,
18:14:04  [main] 	wird eine Sicherheitsabfrage erscheinen oder etwas wird garnicht erst funktionieren!
18:14:04  [main] 	Also denke daran diese Anwendung mit Administratorrechten zu starten!
18:14:04  [main] 	XAMPP Installationsverzeichnis: "c:\xampp\"
18:14:04  [main] 	Voraussetzungen werden geprüft
18:14:05  [main] 	Alle Voraussetzungen sind erfüllt
18:14:05  [main] 	Initialisiere Module
18:14:05  [main] 	Das Mercury Modul ist deaktiviert
18:14:05  [main] 	Das Tomcat Modul ist deaktiviert
18:14:05  [main] 	Starte Check-Timer
18:14:05  [main] 	Control Panel bereit
18:14:13  [Apache] 	Versuche Apache zu starten...
18:14:13  [Apache] 	Statusänderung erkannt: gestartet
19:09:54  [main] 	Deinitialisiere Module
19:09:54  [main] 	Deinitialisiere Control Panel

11:28:08  [main] 	Initialisere Control Panel
11:28:08  [main] 	Windows Version:  Home  64-bit
11:28:08  [main] 	XAMPP Version: 7.3.5
11:28:08  [main] 	Control Panel Version: 3.2.3  [ Compiled: Mar 7th 2019 ]
11:28:08  [main] 	Dein Benutzerprofil besitzt keine Administratorenrechte! Das reicht aus für die meisten
11:28:08  [main] 	Anwendungsfunktionen, aber wann immer du etwas mit Windows-Diensten tun möchtest,
11:28:08  [main] 	wird eine Sicherheitsabfrage erscheinen oder etwas wird garnicht erst funktionieren!
11:28:08  [main] 	Also denke daran diese Anwendung mit Administratorrechten zu starten!
11:28:08  [main] 	XAMPP Installationsverzeichnis: "c:\xampp\"
11:28:08  [main] 	Voraussetzungen werden geprüft
11:28:10  [main] 	Alle Voraussetzungen sind erfüllt
11:28:10  [main] 	Initialisiere Module
11:28:10  [main] 	Das Mercury Modul ist deaktiviert
11:28:10  [main] 	Das Tomcat Modul ist deaktiviert
11:28:10  [main] 	Starte Check-Timer
11:28:10  [main] 	Control Panel bereit
11:28:13  [Apache] 	Versuche Apache zu starten...
11:28:14  [Apache] 	Statusänderung erkannt: gestartet
11:28:15  [mysql] 	Versuche MySQL zu starten...
11:28:18  [mysql] 	Statusänderung erkannt: gestartet
11:36:23  [filezilla] 	Versuche FileZilla zu starten...
11:36:24  [filezilla] 	Statusänderung erkannt: gestartet
11:36:29  [Apache] 	stoppe Modul Apache (PID: 1152)
11:36:29  [Apache] 	stoppe Modul Apache (PID: 7652)
11:36:29  [Apache] 	Statusänderung erkannt: gestoppt
11:36:29  [mysql] 	Versuche MySQL zu beenden...
11:36:30  [mysql] 	Statusänderung erkannt: gestoppt
11:36:30  [filezilla] 	Versuche FileZilla zu beenden...
11:36:31  [filezilla] 	Statusänderung erkannt: gestoppt
11:36:33  [main] 	Deinitialisiere Module
11:36:33  [main] 	Deinitialisiere Control Panel

09:51:15  [main] 	Initialisere Control Panel
09:51:15  [main] 	Windows Version:  Home  64-bit
09:51:15  [main] 	XAMPP Version: 7.3.5
09:51:15  [main] 	Control Panel Version: 3.2.3  [ Compiled: Mar 7th 2019 ]
09:51:15  [main] 	Dein Benutzerprofil besitzt keine Administratorenrechte! Das reicht aus für die meisten
09:51:15  [main] 	Anwendungsfunktionen, aber wann immer du etwas mit Windows-Diensten tun möchtest,
09:51:15  [main] 	wird eine Sicherheitsabfrage erscheinen oder etwas wird garnicht erst funktionieren!
09:51:15  [main] 	Also denke daran diese Anwendung mit Administratorrechten zu starten!
09:51:15  [main] 	XAMPP Installationsverzeichnis: "c:\xampp\"
09:51:15  [main] 	Voraussetzungen werden geprüft
09:51:16  [main] 	Alle Voraussetzungen sind erfüllt
09:51:16  [main] 	Initialisiere Module
09:51:16  [main] 	Das Mercury Modul ist deaktiviert
09:51:16  [main] 	Das Tomcat Modul ist deaktiviert
09:51:16  [main] 	Starte Check-Timer
09:51:16  [main] 	Control Panel bereit
09:51:28  [mysql] 	Versuche MySQL zu starten...
09:51:30  [mysql] 	Statusänderung erkannt: gestartet
09:51:30  [Apache] 	Versuche Apache zu starten...
09:51:30  [Apache] 	Statusänderung erkannt: gestartet
12:12:07  [main] 	Deinitialisiere Module
12:12:07  [main] 	Deinitialisiere Control Panel

