::1 - - [27/Jun/2019:15:24:30 +0200] "GET / HTTP/1.1" 403 1129 "-" "Mozilla/5.0 (Windows NT 10.0; Win64; x64) AppleWebKit/537.36 (KHTML, like Gecko) Chrome/75.0.3770.100 Safari/537.36"
::1 - - [27/Jun/2019:15:25:19 +0200] "GET / HTTP/1.1" 403 1129 "-" "Mozilla/5.0 (Windows NT 10.0; Win64; x64) AppleWebKit/537.36 (KHTML, like Gecko) Chrome/75.0.3770.100 Safari/537.36"
::1 - - [27/Jun/2019:15:26:55 +0200] "GET /test.xml HTTP/1.1" 403 1117 "-" "Mozilla/5.0 (Windows NT 10.0; Win64; x64) AppleWebKit/537.36 (KHTML, like Gecko) Chrome/75.0.3770.100 Safari/537.36"
::1 - - [27/Jun/2019:15:28:08 +0200] "GET /test.xml HTTP/1.1" 403 1117 "-" "Mozilla/5.0 (Windows NT 10.0; Win64; x64) AppleWebKit/537.36 (KHTML, like Gecko) Chrome/75.0.3770.100 Safari/537.36"
::1 - - [27/Jun/2019:15:28:09 +0200] "GET /test.xml HTTP/1.1" 403 1117 "-" "Mozilla/5.0 (Windows NT 10.0; Win64; x64) AppleWebKit/537.36 (KHTML, like Gecko) Chrome/75.0.3770.100 Safari/537.36"
::1 - - [27/Jun/2019:15:28:26 +0200] "GET /test.xml HTTP/1.1" 403 1117 "-" "Mozilla/5.0 (Windows NT 10.0; Win64; x64) AppleWebKit/537.36 (KHTML, like Gecko) Chrome/75.0.3770.100 Safari/537.36"
::1 - - [27/Jun/2019:15:28:27 +0200] "GET /test.xml HTTP/1.1" 403 1117 "-" "Mozilla/5.0 (Windows NT 10.0; Win64; x64) AppleWebKit/537.36 (KHTML, like Gecko) Chrome/75.0.3770.100 Safari/537.36"
::1 - - [27/Jun/2019:15:28:28 +0200] "GET /test.xml HTTP/1.1" 403 1117 "-" "Mozilla/5.0 (Windows NT 10.0; Win64; x64) AppleWebKit/537.36 (KHTML, like Gecko) Chrome/75.0.3770.100 Safari/537.36"
::1 - - [27/Jun/2019:15:28:28 +0200] "GET /test.xml HTTP/1.1" 403 1117 "-" "Mozilla/5.0 (Windows NT 10.0; Win64; x64) AppleWebKit/537.36 (KHTML, like Gecko) Chrome/75.0.3770.100 Safari/537.36"
::1 - - [27/Jun/2019:15:28:32 +0200] "GET / HTTP/1.1" 403 1129 "-" "Mozilla/5.0 (Windows NT 10.0; Win64; x64) AppleWebKit/537.36 (KHTML, like Gecko) Chrome/75.0.3770.100 Safari/537.36"
::1 - - [27/Jun/2019:15:28:34 +0200] "GET / HTTP/1.1" 403 1129 "-" "Mozilla/5.0 (Windows NT 10.0; Win64; x64) AppleWebKit/537.36 (KHTML, like Gecko) Chrome/75.0.3770.100 Safari/537.36"
::1 - - [27/Jun/2019:15:29:55 +0200] "GET / HTTP/1.1" 403 1129 "-" "Mozilla/5.0 (Windows NT 10.0; Win64; x64) AppleWebKit/537.36 (KHTML, like Gecko) Chrome/75.0.3770.100 Safari/537.36"
::1 - - [27/Jun/2019:15:29:56 +0200] "GET / HTTP/1.1" 403 1129 "-" "Mozilla/5.0 (Windows NT 10.0; Win64; x64) AppleWebKit/537.36 (KHTML, like Gecko) Chrome/75.0.3770.100 Safari/537.36"
::1 - - [27/Jun/2019:15:29:57 +0200] "GET / HTTP/1.1" 403 1129 "-" "Mozilla/5.0 (Windows NT 10.0; Win64; x64) AppleWebKit/537.36 (KHTML, like Gecko) Chrome/75.0.3770.100 Safari/537.36"
::1 - - [27/Jun/2019:15:29:57 +0200] "GET / HTTP/1.1" 403 1129 "-" "Mozilla/5.0 (Windows NT 10.0; Win64; x64) AppleWebKit/537.36 (KHTML, like Gecko) Chrome/75.0.3770.100 Safari/537.36"
::1 - - [27/Jun/2019:15:30:18 +0200] "GET / HTTP/1.1" 403 1129 "-" "Mozilla/5.0 (Windows NT 10.0; Win64; x64) AppleWebKit/537.36 (KHTML, like Gecko) Chrome/75.0.3770.100 Safari/537.36"
::1 - - [27/Jun/2019:15:30:19 +0200] "GET / HTTP/1.1" 403 1129 "-" "Mozilla/5.0 (Windows NT 10.0; Win64; x64) AppleWebKit/537.36 (KHTML, like Gecko) Chrome/75.0.3770.100 Safari/537.36"
::1 - - [27/Jun/2019:15:30:19 +0200] "GET / HTTP/1.1" 403 1129 "-" "Mozilla/5.0 (Windows NT 10.0; Win64; x64) AppleWebKit/537.36 (KHTML, like Gecko) Chrome/75.0.3770.100 Safari/537.36"
::1 - - [27/Jun/2019:15:30:19 +0200] "GET / HTTP/1.1" 403 1129 "-" "Mozilla/5.0 (Windows NT 10.0; Win64; x64) AppleWebKit/537.36 (KHTML, like Gecko) Chrome/75.0.3770.100 Safari/537.36"
::1 - - [27/Jun/2019:15:32:50 +0200] "GET / HTTP/1.1" 403 1129 "-" "Mozilla/5.0 (Windows NT 10.0; Win64; x64) AppleWebKit/537.36 (KHTML, like Gecko) Chrome/75.0.3770.100 Safari/537.36"
::1 - - [27/Jun/2019:15:32:51 +0200] "GET / HTTP/1.1" 403 1129 "-" "Mozilla/5.0 (Windows NT 10.0; Win64; x64) AppleWebKit/537.36 (KHTML, like Gecko) Chrome/75.0.3770.100 Safari/537.36"
::1 - - [27/Jun/2019:15:32:51 +0200] "GET / HTTP/1.1" 403 1129 "-" "Mozilla/5.0 (Windows NT 10.0; Win64; x64) AppleWebKit/537.36 (KHTML, like Gecko) Chrome/75.0.3770.100 Safari/537.36"
::1 - - [27/Jun/2019:15:32:51 +0200] "GET / HTTP/1.1" 403 1129 "-" "Mozilla/5.0 (Windows NT 10.0; Win64; x64) AppleWebKit/537.36 (KHTML, like Gecko) Chrome/75.0.3770.100 Safari/537.36"
::1 - - [27/Jun/2019:15:32:52 +0200] "GET / HTTP/1.1" 403 1129 "-" "Mozilla/5.0 (Windows NT 10.0; Win64; x64) AppleWebKit/537.36 (KHTML, like Gecko) Chrome/75.0.3770.100 Safari/537.36"
::1 - - [27/Jun/2019:15:32:52 +0200] "GET / HTTP/1.1" 403 1129 "-" "Mozilla/5.0 (Windows NT 10.0; Win64; x64) AppleWebKit/537.36 (KHTML, like Gecko) Chrome/75.0.3770.100 Safari/537.36"
::1 - - [27/Jun/2019:15:32:52 +0200] "GET / HTTP/1.1" 403 1129 "-" "Mozilla/5.0 (Windows NT 10.0; Win64; x64) AppleWebKit/537.36 (KHTML, like Gecko) Chrome/75.0.3770.100 Safari/537.36"
::1 - - [27/Jun/2019:15:32:53 +0200] "GET / HTTP/1.1" 403 1129 "-" "Mozilla/5.0 (Windows NT 10.0; Win64; x64) AppleWebKit/537.36 (KHTML, like Gecko) Chrome/75.0.3770.100 Safari/537.36"
::1 - - [27/Jun/2019:15:32:54 +0200] "GET / HTTP/1.1" 403 1129 "-" "Mozilla/5.0 (Windows NT 10.0; Win64; x64) AppleWebKit/537.36 (KHTML, like Gecko) Chrome/75.0.3770.100 Safari/537.36"
::1 - - [27/Jun/2019:15:33:10 +0200] "GET / HTTP/1.1" 403 1129 "-" "Mozilla/5.0 (Windows NT 10.0; Win64; x64) AppleWebKit/537.36 (KHTML, like Gecko) Chrome/75.0.3770.100 Safari/537.36"
::1 - - [27/Jun/2019:15:33:11 +0200] "GET / HTTP/1.1" 403 1129 "-" "Mozilla/5.0 (Windows NT 10.0; Win64; x64) AppleWebKit/537.36 (KHTML, like Gecko) Chrome/75.0.3770.100 Safari/537.36"
::1 - - [27/Jun/2019:15:33:11 +0200] "GET / HTTP/1.1" 403 1129 "-" "Mozilla/5.0 (Windows NT 10.0; Win64; x64) AppleWebKit/537.36 (KHTML, like Gecko) Chrome/75.0.3770.100 Safari/537.36"
::1 - - [27/Jun/2019:15:33:33 +0200] "GET / HTTP/1.1" 403 1129 "-" "Mozilla/5.0 (Windows NT 10.0; Win64; x64) AppleWebKit/537.36 (KHTML, like Gecko) Chrome/75.0.3770.100 Safari/537.36"
::1 - - [27/Jun/2019:15:33:34 +0200] "GET / HTTP/1.1" 403 1129 "-" "Mozilla/5.0 (Windows NT 10.0; Win64; x64) AppleWebKit/537.36 (KHTML, like Gecko) Chrome/75.0.3770.100 Safari/537.36"
::1 - - [27/Jun/2019:15:33:34 +0200] "GET / HTTP/1.1" 403 1129 "-" "Mozilla/5.0 (Windows NT 10.0; Win64; x64) AppleWebKit/537.36 (KHTML, like Gecko) Chrome/75.0.3770.100 Safari/537.36"
::1 - - [27/Jun/2019:15:34:14 +0200] "GET / HTTP/1.1" 403 1129 "-" "Mozilla/5.0 (Windows NT 10.0; Win64; x64) AppleWebKit/537.36 (KHTML, like Gecko) Chrome/75.0.3770.100 Safari/537.36"
::1 - - [27/Jun/2019:15:34:16 +0200] "GET / HTTP/1.1" 403 1129 "-" "Mozilla/5.0 (Windows NT 10.0; Win64; x64) AppleWebKit/537.36 (KHTML, like Gecko) Chrome/75.0.3770.100 Safari/537.36"
::1 - - [27/Jun/2019:15:34:16 +0200] "GET / HTTP/1.1" 403 1129 "-" "Mozilla/5.0 (Windows NT 10.0; Win64; x64) AppleWebKit/537.36 (KHTML, like Gecko) Chrome/75.0.3770.100 Safari/537.36"
::1 - - [27/Jun/2019:15:34:16 +0200] "GET / HTTP/1.1" 403 1129 "-" "Mozilla/5.0 (Windows NT 10.0; Win64; x64) AppleWebKit/537.36 (KHTML, like Gecko) Chrome/75.0.3770.100 Safari/537.36"
::1 - - [27/Jun/2019:15:34:17 +0200] "GET / HTTP/1.1" 403 1129 "-" "Mozilla/5.0 (Windows NT 10.0; Win64; x64) AppleWebKit/537.36 (KHTML, like Gecko) Chrome/75.0.3770.100 Safari/537.36"
::1 - - [27/Jun/2019:15:34:21 +0200] "GET / HTTP/1.1" 403 1129 "-" "Mozilla/5.0 (Windows NT 10.0; Win64; x64) AppleWebKit/537.36 (KHTML, like Gecko) Chrome/75.0.3770.100 Safari/537.36"
::1 - - [27/Jun/2019:15:34:22 +0200] "GET / HTTP/1.1" 403 1129 "-" "Mozilla/5.0 (Windows NT 10.0; Win64; x64) AppleWebKit/537.36 (KHTML, like Gecko) Chrome/75.0.3770.100 Safari/537.36"
::1 - - [27/Jun/2019:15:34:22 +0200] "GET / HTTP/1.1" 403 1129 "-" "Mozilla/5.0 (Windows NT 10.0; Win64; x64) AppleWebKit/537.36 (KHTML, like Gecko) Chrome/75.0.3770.100 Safari/537.36"
::1 - - [27/Jun/2019:15:34:22 +0200] "GET / HTTP/1.1" 403 1129 "-" "Mozilla/5.0 (Windows NT 10.0; Win64; x64) AppleWebKit/537.36 (KHTML, like Gecko) Chrome/75.0.3770.100 Safari/537.36"
::1 - - [27/Jun/2019:15:34:23 +0200] "GET / HTTP/1.1" 403 1129 "-" "Mozilla/5.0 (Windows NT 10.0; Win64; x64) AppleWebKit/537.36 (KHTML, like Gecko) Chrome/75.0.3770.100 Safari/537.36"
::1 - - [27/Jun/2019:15:34:23 +0200] "GET / HTTP/1.1" 403 1129 "-" "Mozilla/5.0 (Windows NT 10.0; Win64; x64) AppleWebKit/537.36 (KHTML, like Gecko) Chrome/75.0.3770.100 Safari/537.36"
::1 - - [27/Jun/2019:15:40:38 +0200] "GET / HTTP/1.1" 403 1129 "-" "Mozilla/5.0 (Windows NT 10.0; Win64; x64) AppleWebKit/537.36 (KHTML, like Gecko) Chrome/75.0.3770.100 Safari/537.36"
::1 - - [27/Jun/2019:15:40:39 +0200] "GET / HTTP/1.1" 403 1129 "-" "Mozilla/5.0 (Windows NT 10.0; Win64; x64) AppleWebKit/537.36 (KHTML, like Gecko) Chrome/75.0.3770.100 Safari/537.36"
::1 - - [27/Jun/2019:15:40:39 +0200] "GET / HTTP/1.1" 403 1129 "-" "Mozilla/5.0 (Windows NT 10.0; Win64; x64) AppleWebKit/537.36 (KHTML, like Gecko) Chrome/75.0.3770.100 Safari/537.36"
::1 - - [27/Jun/2019:15:40:39 +0200] "GET / HTTP/1.1" 403 1129 "-" "Mozilla/5.0 (Windows NT 10.0; Win64; x64) AppleWebKit/537.36 (KHTML, like Gecko) Chrome/75.0.3770.100 Safari/537.36"
::1 - - [27/Jun/2019:15:40:40 +0200] "GET / HTTP/1.1" 403 1129 "-" "Mozilla/5.0 (Windows NT 10.0; Win64; x64) AppleWebKit/537.36 (KHTML, like Gecko) Chrome/75.0.3770.100 Safari/537.36"
::1 - - [27/Jun/2019:15:40:41 +0200] "GET / HTTP/1.1" 403 1129 "-" "Mozilla/5.0 (Windows NT 10.0; Win64; x64) AppleWebKit/537.36 (KHTML, like Gecko) Chrome/75.0.3770.100 Safari/537.36"
::1 - - [27/Jun/2019:15:40:41 +0200] "GET / HTTP/1.1" 403 1129 "-" "Mozilla/5.0 (Windows NT 10.0; Win64; x64) AppleWebKit/537.36 (KHTML, like Gecko) Chrome/75.0.3770.100 Safari/537.36"
::1 - - [27/Jun/2019:15:41:07 +0200] "GET / HTTP/1.1" 403 1129 "-" "Mozilla/5.0 (Windows NT 10.0; Win64; x64) AppleWebKit/537.36 (KHTML, like Gecko) Chrome/75.0.3770.100 Safari/537.36"
::1 - - [27/Jun/2019:15:41:07 +0200] "GET /favicon.ico HTTP/1.1" 403 1117 "http://localhost/" "Mozilla/5.0 (Windows NT 10.0; Win64; x64) AppleWebKit/537.36 (KHTML, like Gecko) Chrome/75.0.3770.100 Safari/537.36"
::1 - - [27/Jun/2019:15:41:07 +0200] "GET / HTTP/1.1" 403 1129 "-" "Mozilla/5.0 (Windows NT 10.0; Win64; x64) AppleWebKit/537.36 (KHTML, like Gecko) Chrome/75.0.3770.100 Safari/537.36"
::1 - - [27/Jun/2019:15:41:07 +0200] "GET /favicon.ico HTTP/1.1" 403 1117 "http://localhost/" "Mozilla/5.0 (Windows NT 10.0; Win64; x64) AppleWebKit/537.36 (KHTML, like Gecko) Chrome/75.0.3770.100 Safari/537.36"
::1 - - [27/Jun/2019:15:41:07 +0200] "GET / HTTP/1.1" 403 1129 "-" "Mozilla/5.0 (Windows NT 10.0; Win64; x64) AppleWebKit/537.36 (KHTML, like Gecko) Chrome/75.0.3770.100 Safari/537.36"
::1 - - [27/Jun/2019:15:41:07 +0200] "GET /favicon.ico HTTP/1.1" 403 1117 "http://localhost/" "Mozilla/5.0 (Windows NT 10.0; Win64; x64) AppleWebKit/537.36 (KHTML, like Gecko) Chrome/75.0.3770.100 Safari/537.36"
::1 - - [27/Jun/2019:15:44:15 +0200] "GET / HTTP/1.1" 403 1129 "-" "Mozilla/5.0 (Windows NT 10.0; Win64; x64) AppleWebKit/537.36 (KHTML, like Gecko) Chrome/75.0.3770.100 Safari/537.36"
::1 - - [27/Jun/2019:15:44:15 +0200] "GET /favicon.ico HTTP/1.1" 403 1117 "http://localhost/" "Mozilla/5.0 (Windows NT 10.0; Win64; x64) AppleWebKit/537.36 (KHTML, like Gecko) Chrome/75.0.3770.100 Safari/537.36"
::1 - - [27/Jun/2019:15:44:16 +0200] "GET / HTTP/1.1" 403 1129 "-" "Mozilla/5.0 (Windows NT 10.0; Win64; x64) AppleWebKit/537.36 (KHTML, like Gecko) Chrome/75.0.3770.100 Safari/537.36"
::1 - - [27/Jun/2019:15:44:16 +0200] "GET /favicon.ico HTTP/1.1" 403 1117 "http://localhost/" "Mozilla/5.0 (Windows NT 10.0; Win64; x64) AppleWebKit/537.36 (KHTML, like Gecko) Chrome/75.0.3770.100 Safari/537.36"
::1 - - [27/Jun/2019:15:44:17 +0200] "GET / HTTP/1.1" 403 1129 "-" "Mozilla/5.0 (Windows NT 10.0; Win64; x64) AppleWebKit/537.36 (KHTML, like Gecko) Chrome/75.0.3770.100 Safari/537.36"
::1 - - [27/Jun/2019:15:44:17 +0200] "GET /favicon.ico HTTP/1.1" 403 1117 "http://localhost/" "Mozilla/5.0 (Windows NT 10.0; Win64; x64) AppleWebKit/537.36 (KHTML, like Gecko) Chrome/75.0.3770.100 Safari/537.36"
::1 - - [27/Jun/2019:15:48:57 +0200] "GET / HTTP/1.1" 403 1129 "-" "Mozilla/5.0 (Windows NT 10.0; Win64; x64) AppleWebKit/537.36 (KHTML, like Gecko) Chrome/75.0.3770.100 Safari/537.36"
::1 - - [27/Jun/2019:15:48:57 +0200] "GET /favicon.ico HTTP/1.1" 403 1117 "http://localhost/" "Mozilla/5.0 (Windows NT 10.0; Win64; x64) AppleWebKit/537.36 (KHTML, like Gecko) Chrome/75.0.3770.100 Safari/537.36"
::1 - - [27/Jun/2019:15:48:58 +0200] "GET / HTTP/1.1" 403 1129 "-" "Mozilla/5.0 (Windows NT 10.0; Win64; x64) AppleWebKit/537.36 (KHTML, like Gecko) Chrome/75.0.3770.100 Safari/537.36"
::1 - - [27/Jun/2019:15:48:58 +0200] "GET /favicon.ico HTTP/1.1" 403 1117 "http://localhost/" "Mozilla/5.0 (Windows NT 10.0; Win64; x64) AppleWebKit/537.36 (KHTML, like Gecko) Chrome/75.0.3770.100 Safari/537.36"
::1 - - [27/Jun/2019:15:51:03 +0200] "GET / HTTP/1.1" 403 1129 "-" "Mozilla/5.0 (Windows NT 10.0; Win64; x64) AppleWebKit/537.36 (KHTML, like Gecko) Chrome/75.0.3770.100 Safari/537.36"
::1 - - [27/Jun/2019:15:51:03 +0200] "GET /favicon.ico HTTP/1.1" 403 1117 "http://localhost/" "Mozilla/5.0 (Windows NT 10.0; Win64; x64) AppleWebKit/537.36 (KHTML, like Gecko) Chrome/75.0.3770.100 Safari/537.36"
::1 - - [27/Jun/2019:15:52:27 +0200] "GET / HTTP/1.1" 403 1129 "-" "Mozilla/5.0 (Windows NT 10.0; Win64; x64) AppleWebKit/537.36 (KHTML, like Gecko) Chrome/75.0.3770.100 Safari/537.36"
::1 - - [27/Jun/2019:15:52:27 +0200] "GET /favicon.ico HTTP/1.1" 403 1117 "http://localhost/" "Mozilla/5.0 (Windows NT 10.0; Win64; x64) AppleWebKit/537.36 (KHTML, like Gecko) Chrome/75.0.3770.100 Safari/537.36"
::1 - - [27/Jun/2019:15:52:28 +0200] "GET / HTTP/1.1" 403 1129 "-" "Mozilla/5.0 (Windows NT 10.0; Win64; x64) AppleWebKit/537.36 (KHTML, like Gecko) Chrome/75.0.3770.100 Safari/537.36"
::1 - - [27/Jun/2019:15:52:28 +0200] "GET /favicon.ico HTTP/1.1" 403 1117 "http://localhost/" "Mozilla/5.0 (Windows NT 10.0; Win64; x64) AppleWebKit/537.36 (KHTML, like Gecko) Chrome/75.0.3770.100 Safari/537.36"
::1 - - [27/Jun/2019:15:52:28 +0200] "GET / HTTP/1.1" 403 1129 "-" "Mozilla/5.0 (Windows NT 10.0; Win64; x64) AppleWebKit/537.36 (KHTML, like Gecko) Chrome/75.0.3770.100 Safari/537.36"
::1 - - [27/Jun/2019:15:52:28 +0200] "GET /favicon.ico HTTP/1.1" 403 1117 "http://localhost/" "Mozilla/5.0 (Windows NT 10.0; Win64; x64) AppleWebKit/537.36 (KHTML, like Gecko) Chrome/75.0.3770.100 Safari/537.36"
::1 - - [27/Jun/2019:15:52:29 +0200] "GET / HTTP/1.1" 403 1129 "-" "Mozilla/5.0 (Windows NT 10.0; Win64; x64) AppleWebKit/537.36 (KHTML, like Gecko) Chrome/75.0.3770.100 Safari/537.36"
::1 - - [27/Jun/2019:15:52:29 +0200] "GET /favicon.ico HTTP/1.1" 403 1117 "http://localhost/" "Mozilla/5.0 (Windows NT 10.0; Win64; x64) AppleWebKit/537.36 (KHTML, like Gecko) Chrome/75.0.3770.100 Safari/537.36"
::1 - - [27/Jun/2019:15:52:30 +0200] "GET / HTTP/1.1" 403 1129 "-" "Mozilla/5.0 (Windows NT 10.0; Win64; x64) AppleWebKit/537.36 (KHTML, like Gecko) Chrome/75.0.3770.100 Safari/537.36"
::1 - - [27/Jun/2019:15:52:30 +0200] "GET /favicon.ico HTTP/1.1" 403 1117 "http://localhost/" "Mozilla/5.0 (Windows NT 10.0; Win64; x64) AppleWebKit/537.36 (KHTML, like Gecko) Chrome/75.0.3770.100 Safari/537.36"
::1 - - [27/Jun/2019:15:52:30 +0200] "GET / HTTP/1.1" 403 1129 "-" "Mozilla/5.0 (Windows NT 10.0; Win64; x64) AppleWebKit/537.36 (KHTML, like Gecko) Chrome/75.0.3770.100 Safari/537.36"
::1 - - [27/Jun/2019:15:52:30 +0200] "GET /favicon.ico HTTP/1.1" 403 1117 "http://localhost/" "Mozilla/5.0 (Windows NT 10.0; Win64; x64) AppleWebKit/537.36 (KHTML, like Gecko) Chrome/75.0.3770.100 Safari/537.36"
::1 - - [27/Jun/2019:15:52:31 +0200] "GET / HTTP/1.1" 403 1129 "-" "Mozilla/5.0 (Windows NT 10.0; Win64; x64) AppleWebKit/537.36 (KHTML, like Gecko) Chrome/75.0.3770.100 Safari/537.36"
::1 - - [27/Jun/2019:15:52:31 +0200] "GET /favicon.ico HTTP/1.1" 403 1117 "http://localhost/" "Mozilla/5.0 (Windows NT 10.0; Win64; x64) AppleWebKit/537.36 (KHTML, like Gecko) Chrome/75.0.3770.100 Safari/537.36"
::1 - - [27/Jun/2019:15:54:10 +0200] "GET / HTTP/1.1" 403 1129 "-" "Mozilla/5.0 (Windows NT 10.0; Win64; x64) AppleWebKit/537.36 (KHTML, like Gecko) Chrome/75.0.3770.100 Safari/537.36"
::1 - - [27/Jun/2019:15:54:10 +0200] "GET /favicon.ico HTTP/1.1" 403 1117 "http://localhost/" "Mozilla/5.0 (Windows NT 10.0; Win64; x64) AppleWebKit/537.36 (KHTML, like Gecko) Chrome/75.0.3770.100 Safari/537.36"
::1 - - [27/Jun/2019:15:54:10 +0200] "GET / HTTP/1.1" 403 1129 "-" "Mozilla/5.0 (Windows NT 10.0; Win64; x64) AppleWebKit/537.36 (KHTML, like Gecko) Chrome/75.0.3770.100 Safari/537.36"
::1 - - [27/Jun/2019:15:54:10 +0200] "GET /favicon.ico HTTP/1.1" 403 1117 "http://localhost/" "Mozilla/5.0 (Windows NT 10.0; Win64; x64) AppleWebKit/537.36 (KHTML, like Gecko) Chrome/75.0.3770.100 Safari/537.36"
::1 - - [27/Jun/2019:15:54:11 +0200] "GET / HTTP/1.1" 403 1129 "-" "Mozilla/5.0 (Windows NT 10.0; Win64; x64) AppleWebKit/537.36 (KHTML, like Gecko) Chrome/75.0.3770.100 Safari/537.36"
::1 - - [27/Jun/2019:15:54:11 +0200] "GET /favicon.ico HTTP/1.1" 403 1117 "http://localhost/" "Mozilla/5.0 (Windows NT 10.0; Win64; x64) AppleWebKit/537.36 (KHTML, like Gecko) Chrome/75.0.3770.100 Safari/537.36"
::1 - - [27/Jun/2019:15:54:11 +0200] "GET / HTTP/1.1" 403 1129 "-" "Mozilla/5.0 (Windows NT 10.0; Win64; x64) AppleWebKit/537.36 (KHTML, like Gecko) Chrome/75.0.3770.100 Safari/537.36"
::1 - - [27/Jun/2019:15:54:11 +0200] "GET /favicon.ico HTTP/1.1" 403 1117 "http://localhost/" "Mozilla/5.0 (Windows NT 10.0; Win64; x64) AppleWebKit/537.36 (KHTML, like Gecko) Chrome/75.0.3770.100 Safari/537.36"
::1 - - [27/Jun/2019:15:54:11 +0200] "GET / HTTP/1.1" 403 1129 "-" "Mozilla/5.0 (Windows NT 10.0; Win64; x64) AppleWebKit/537.36 (KHTML, like Gecko) Chrome/75.0.3770.100 Safari/537.36"
::1 - - [27/Jun/2019:15:54:11 +0200] "GET /favicon.ico HTTP/1.1" 403 1117 "http://localhost/" "Mozilla/5.0 (Windows NT 10.0; Win64; x64) AppleWebKit/537.36 (KHTML, like Gecko) Chrome/75.0.3770.100 Safari/537.36"
::1 - - [27/Jun/2019:15:54:11 +0200] "GET / HTTP/1.1" 403 1129 "-" "Mozilla/5.0 (Windows NT 10.0; Win64; x64) AppleWebKit/537.36 (KHTML, like Gecko) Chrome/75.0.3770.100 Safari/537.36"
::1 - - [27/Jun/2019:15:54:11 +0200] "GET /favicon.ico HTTP/1.1" 403 1117 "http://localhost/" "Mozilla/5.0 (Windows NT 10.0; Win64; x64) AppleWebKit/537.36 (KHTML, like Gecko) Chrome/75.0.3770.100 Safari/537.36"
::1 - - [27/Jun/2019:15:54:12 +0200] "GET / HTTP/1.1" 403 1129 "-" "Mozilla/5.0 (Windows NT 10.0; Win64; x64) AppleWebKit/537.36 (KHTML, like Gecko) Chrome/75.0.3770.100 Safari/537.36"
::1 - - [27/Jun/2019:15:54:12 +0200] "GET /favicon.ico HTTP/1.1" 403 1117 "http://localhost/" "Mozilla/5.0 (Windows NT 10.0; Win64; x64) AppleWebKit/537.36 (KHTML, like Gecko) Chrome/75.0.3770.100 Safari/537.36"
::1 - - [27/Jun/2019:15:54:19 +0200] "GET / HTTP/1.1" 403 1129 "-" "Mozilla/5.0 (Windows NT 10.0; Win64; x64) AppleWebKit/537.36 (KHTML, like Gecko) Chrome/75.0.3770.100 Safari/537.36"
::1 - - [27/Jun/2019:15:54:19 +0200] "GET /favicon.ico HTTP/1.1" 403 1117 "http://localhost/" "Mozilla/5.0 (Windows NT 10.0; Win64; x64) AppleWebKit/537.36 (KHTML, like Gecko) Chrome/75.0.3770.100 Safari/537.36"
::1 - - [27/Jun/2019:15:54:19 +0200] "GET / HTTP/1.1" 403 1129 "-" "Mozilla/5.0 (Windows NT 10.0; Win64; x64) AppleWebKit/537.36 (KHTML, like Gecko) Chrome/75.0.3770.100 Safari/537.36"
::1 - - [27/Jun/2019:15:54:19 +0200] "GET /favicon.ico HTTP/1.1" 403 1117 "http://localhost/" "Mozilla/5.0 (Windows NT 10.0; Win64; x64) AppleWebKit/537.36 (KHTML, like Gecko) Chrome/75.0.3770.100 Safari/537.36"
::1 - - [27/Jun/2019:15:55:48 +0200] "GET / HTTP/1.1" 403 1129 "-" "Mozilla/5.0 (Windows NT 10.0; Win64; x64) AppleWebKit/537.36 (KHTML, like Gecko) Chrome/75.0.3770.100 Safari/537.36"
::1 - - [27/Jun/2019:15:55:48 +0200] "GET /favicon.ico HTTP/1.1" 403 1117 "http://localhost/" "Mozilla/5.0 (Windows NT 10.0; Win64; x64) AppleWebKit/537.36 (KHTML, like Gecko) Chrome/75.0.3770.100 Safari/537.36"
::1 - - [27/Jun/2019:15:55:49 +0200] "GET / HTTP/1.1" 403 1129 "-" "Mozilla/5.0 (Windows NT 10.0; Win64; x64) AppleWebKit/537.36 (KHTML, like Gecko) Chrome/75.0.3770.100 Safari/537.36"
::1 - - [27/Jun/2019:15:55:49 +0200] "GET /favicon.ico HTTP/1.1" 403 1117 "http://localhost/" "Mozilla/5.0 (Windows NT 10.0; Win64; x64) AppleWebKit/537.36 (KHTML, like Gecko) Chrome/75.0.3770.100 Safari/537.36"
::1 - - [27/Jun/2019:15:55:49 +0200] "GET / HTTP/1.1" 403 1129 "-" "Mozilla/5.0 (Windows NT 10.0; Win64; x64) AppleWebKit/537.36 (KHTML, like Gecko) Chrome/75.0.3770.100 Safari/537.36"
::1 - - [27/Jun/2019:15:55:49 +0200] "GET /favicon.ico HTTP/1.1" 403 1117 "http://localhost/" "Mozilla/5.0 (Windows NT 10.0; Win64; x64) AppleWebKit/537.36 (KHTML, like Gecko) Chrome/75.0.3770.100 Safari/537.36"
::1 - - [27/Jun/2019:15:55:50 +0200] "GET / HTTP/1.1" 403 1129 "-" "Mozilla/5.0 (Windows NT 10.0; Win64; x64) AppleWebKit/537.36 (KHTML, like Gecko) Chrome/75.0.3770.100 Safari/537.36"
::1 - - [27/Jun/2019:15:55:50 +0200] "GET /favicon.ico HTTP/1.1" 403 1117 "http://localhost/" "Mozilla/5.0 (Windows NT 10.0; Win64; x64) AppleWebKit/537.36 (KHTML, like Gecko) Chrome/75.0.3770.100 Safari/537.36"
::1 - - [27/Jun/2019:15:56:07 +0200] "GET / HTTP/1.1" 403 1129 "-" "Mozilla/5.0 (Windows NT 10.0; Win64; x64) AppleWebKit/537.36 (KHTML, like Gecko) Chrome/75.0.3770.100 Safari/537.36"
::1 - - [27/Jun/2019:15:56:07 +0200] "GET /favicon.ico HTTP/1.1" 403 1117 "http://localhost/" "Mozilla/5.0 (Windows NT 10.0; Win64; x64) AppleWebKit/537.36 (KHTML, like Gecko) Chrome/75.0.3770.100 Safari/537.36"
::1 - - [27/Jun/2019:15:56:08 +0200] "GET / HTTP/1.1" 403 1129 "-" "Mozilla/5.0 (Windows NT 10.0; Win64; x64) AppleWebKit/537.36 (KHTML, like Gecko) Chrome/75.0.3770.100 Safari/537.36"
::1 - - [27/Jun/2019:15:56:08 +0200] "GET /favicon.ico HTTP/1.1" 403 1117 "http://localhost/" "Mozilla/5.0 (Windows NT 10.0; Win64; x64) AppleWebKit/537.36 (KHTML, like Gecko) Chrome/75.0.3770.100 Safari/537.36"
::1 - - [27/Jun/2019:15:56:08 +0200] "GET / HTTP/1.1" 403 1129 "-" "Mozilla/5.0 (Windows NT 10.0; Win64; x64) AppleWebKit/537.36 (KHTML, like Gecko) Chrome/75.0.3770.100 Safari/537.36"
::1 - - [27/Jun/2019:15:56:08 +0200] "GET /favicon.ico HTTP/1.1" 403 1117 "http://localhost/" "Mozilla/5.0 (Windows NT 10.0; Win64; x64) AppleWebKit/537.36 (KHTML, like Gecko) Chrome/75.0.3770.100 Safari/537.36"
::1 - - [27/Jun/2019:15:56:08 +0200] "GET / HTTP/1.1" 403 1129 "-" "Mozilla/5.0 (Windows NT 10.0; Win64; x64) AppleWebKit/537.36 (KHTML, like Gecko) Chrome/75.0.3770.100 Safari/537.36"
::1 - - [27/Jun/2019:15:56:08 +0200] "GET /favicon.ico HTTP/1.1" 403 1117 "http://localhost/" "Mozilla/5.0 (Windows NT 10.0; Win64; x64) AppleWebKit/537.36 (KHTML, like Gecko) Chrome/75.0.3770.100 Safari/537.36"
::1 - - [27/Jun/2019:15:56:09 +0200] "GET / HTTP/1.1" 403 1129 "-" "Mozilla/5.0 (Windows NT 10.0; Win64; x64) AppleWebKit/537.36 (KHTML, like Gecko) Chrome/75.0.3770.100 Safari/537.36"
::1 - - [27/Jun/2019:15:56:09 +0200] "GET /favicon.ico HTTP/1.1" 403 1117 "http://localhost/" "Mozilla/5.0 (Windows NT 10.0; Win64; x64) AppleWebKit/537.36 (KHTML, like Gecko) Chrome/75.0.3770.100 Safari/537.36"
::1 - - [27/Jun/2019:15:57:08 +0200] "GET / HTTP/1.1" 403 1129 "-" "Mozilla/5.0 (Windows NT 10.0; Win64; x64) AppleWebKit/537.36 (KHTML, like Gecko) Chrome/75.0.3770.100 Safari/537.36"
::1 - - [27/Jun/2019:15:57:08 +0200] "GET /favicon.ico HTTP/1.1" 403 1117 "http://localhost/" "Mozilla/5.0 (Windows NT 10.0; Win64; x64) AppleWebKit/537.36 (KHTML, like Gecko) Chrome/75.0.3770.100 Safari/537.36"
::1 - - [27/Jun/2019:15:57:08 +0200] "GET / HTTP/1.1" 403 1129 "-" "Mozilla/5.0 (Windows NT 10.0; Win64; x64) AppleWebKit/537.36 (KHTML, like Gecko) Chrome/75.0.3770.100 Safari/537.36"
::1 - - [27/Jun/2019:15:57:09 +0200] "GET /favicon.ico HTTP/1.1" 403 1117 "http://localhost/" "Mozilla/5.0 (Windows NT 10.0; Win64; x64) AppleWebKit/537.36 (KHTML, like Gecko) Chrome/75.0.3770.100 Safari/537.36"
::1 - - [27/Jun/2019:15:57:09 +0200] "GET / HTTP/1.1" 403 1129 "-" "Mozilla/5.0 (Windows NT 10.0; Win64; x64) AppleWebKit/537.36 (KHTML, like Gecko) Chrome/75.0.3770.100 Safari/537.36"
::1 - - [27/Jun/2019:15:57:09 +0200] "GET /favicon.ico HTTP/1.1" 403 1117 "http://localhost/" "Mozilla/5.0 (Windows NT 10.0; Win64; x64) AppleWebKit/537.36 (KHTML, like Gecko) Chrome/75.0.3770.100 Safari/537.36"
::1 - - [27/Jun/2019:15:57:16 +0200] "GET /index.html HTTP/1.1" 403 1117 "-" "Mozilla/5.0 (Windows NT 10.0; Win64; x64) AppleWebKit/537.36 (KHTML, like Gecko) Chrome/75.0.3770.100 Safari/537.36"
::1 - - [27/Jun/2019:15:57:16 +0200] "GET /favicon.ico HTTP/1.1" 403 1117 "http://localhost/index.html" "Mozilla/5.0 (Windows NT 10.0; Win64; x64) AppleWebKit/537.36 (KHTML, like Gecko) Chrome/75.0.3770.100 Safari/537.36"
::1 - - [27/Jun/2019:15:57:19 +0200] "GET /favicon.ico HTTP/1.1" 403 1117 "http://localhost/" "Mozilla/5.0 (Windows NT 10.0; Win64; x64) AppleWebKit/537.36 (KHTML, like Gecko) Chrome/75.0.3770.100 Safari/537.36"
::1 - - [27/Jun/2019:15:57:22 +0200] "GET /favicon.ico HTTP/1.1" 403 1117 "http://localhost/index.html" "Mozilla/5.0 (Windows NT 10.0; Win64; x64) AppleWebKit/537.36 (KHTML, like Gecko) Chrome/75.0.3770.100 Safari/537.36"
::1 - - [27/Jun/2019:15:57:24 +0200] "GET /favicon.ico HTTP/1.1" 403 1117 "http://localhost/" "Mozilla/5.0 (Windows NT 10.0; Win64; x64) AppleWebKit/537.36 (KHTML, like Gecko) Chrome/75.0.3770.100 Safari/537.36"
::1 - - [27/Jun/2019:16:01:27 +0200] "GET / HTTP/1.1" 403 1129 "-" "Mozilla/5.0 (Windows NT 10.0; Win64; x64) AppleWebKit/537.36 (KHTML, like Gecko) Chrome/75.0.3770.100 Safari/537.36"
::1 - - [27/Jun/2019:16:01:27 +0200] "GET /favicon.ico HTTP/1.1" 403 1117 "http://localhost/" "Mozilla/5.0 (Windows NT 10.0; Win64; x64) AppleWebKit/537.36 (KHTML, like Gecko) Chrome/75.0.3770.100 Safari/537.36"
::1 - - [27/Jun/2019:16:01:27 +0200] "GET / HTTP/1.1" 403 1129 "-" "Mozilla/5.0 (Windows NT 10.0; Win64; x64) AppleWebKit/537.36 (KHTML, like Gecko) Chrome/75.0.3770.100 Safari/537.36"
::1 - - [27/Jun/2019:16:01:27 +0200] "GET /favicon.ico HTTP/1.1" 403 1117 "http://localhost/" "Mozilla/5.0 (Windows NT 10.0; Win64; x64) AppleWebKit/537.36 (KHTML, like Gecko) Chrome/75.0.3770.100 Safari/537.36"
::1 - - [27/Jun/2019:16:01:27 +0200] "GET / HTTP/1.1" 403 1129 "-" "Mozilla/5.0 (Windows NT 10.0; Win64; x64) AppleWebKit/537.36 (KHTML, like Gecko) Chrome/75.0.3770.100 Safari/537.36"
::1 - - [27/Jun/2019:16:01:27 +0200] "GET /favicon.ico HTTP/1.1" 403 1117 "http://localhost/" "Mozilla/5.0 (Windows NT 10.0; Win64; x64) AppleWebKit/537.36 (KHTML, like Gecko) Chrome/75.0.3770.100 Safari/537.36"
::1 - - [27/Jun/2019:16:07:23 +0200] "GET / HTTP/1.1" 403 1129 "-" "Mozilla/5.0 (Windows NT 10.0; Win64; x64) AppleWebKit/537.36 (KHTML, like Gecko) Chrome/75.0.3770.100 Safari/537.36"
::1 - - [27/Jun/2019:16:07:23 +0200] "GET /favicon.ico HTTP/1.1" 403 1117 "http://localhost/" "Mozilla/5.0 (Windows NT 10.0; Win64; x64) AppleWebKit/537.36 (KHTML, like Gecko) Chrome/75.0.3770.100 Safari/537.36"
::1 - - [27/Jun/2019:16:07:24 +0200] "GET / HTTP/1.1" 403 1129 "-" "Mozilla/5.0 (Windows NT 10.0; Win64; x64) AppleWebKit/537.36 (KHTML, like Gecko) Chrome/75.0.3770.100 Safari/537.36"
::1 - - [27/Jun/2019:16:07:24 +0200] "GET /favicon.ico HTTP/1.1" 403 1117 "http://localhost/" "Mozilla/5.0 (Windows NT 10.0; Win64; x64) AppleWebKit/537.36 (KHTML, like Gecko) Chrome/75.0.3770.100 Safari/537.36"
::1 - - [27/Jun/2019:16:07:24 +0200] "GET / HTTP/1.1" 403 1129 "-" "Mozilla/5.0 (Windows NT 10.0; Win64; x64) AppleWebKit/537.36 (KHTML, like Gecko) Chrome/75.0.3770.100 Safari/537.36"
::1 - - [27/Jun/2019:16:07:24 +0200] "GET /favicon.ico HTTP/1.1" 403 1117 "http://localhost/" "Mozilla/5.0 (Windows NT 10.0; Win64; x64) AppleWebKit/537.36 (KHTML, like Gecko) Chrome/75.0.3770.100 Safari/537.36"
::1 - - [27/Jun/2019:16:10:19 +0200] "GET / HTTP/1.1" 403 1129 "-" "Mozilla/5.0 (Windows NT 10.0; Win64; x64) AppleWebKit/537.36 (KHTML, like Gecko) Chrome/75.0.3770.100 Safari/537.36"
::1 - - [27/Jun/2019:16:10:20 +0200] "GET /favicon.ico HTTP/1.1" 403 1117 "http://localhost/" "Mozilla/5.0 (Windows NT 10.0; Win64; x64) AppleWebKit/537.36 (KHTML, like Gecko) Chrome/75.0.3770.100 Safari/537.36"
::1 - - [27/Jun/2019:16:10:20 +0200] "GET / HTTP/1.1" 403 1129 "-" "Mozilla/5.0 (Windows NT 10.0; Win64; x64) AppleWebKit/537.36 (KHTML, like Gecko) Chrome/75.0.3770.100 Safari/537.36"
::1 - - [27/Jun/2019:16:10:20 +0200] "GET /favicon.ico HTTP/1.1" 403 1117 "http://localhost/" "Mozilla/5.0 (Windows NT 10.0; Win64; x64) AppleWebKit/537.36 (KHTML, like Gecko) Chrome/75.0.3770.100 Safari/537.36"
::1 - - [27/Jun/2019:16:10:20 +0200] "GET / HTTP/1.1" 403 1129 "-" "Mozilla/5.0 (Windows NT 10.0; Win64; x64) AppleWebKit/537.36 (KHTML, like Gecko) Chrome/75.0.3770.100 Safari/537.36"
::1 - - [27/Jun/2019:16:10:20 +0200] "GET /favicon.ico HTTP/1.1" 403 1117 "http://localhost/" "Mozilla/5.0 (Windows NT 10.0; Win64; x64) AppleWebKit/537.36 (KHTML, like Gecko) Chrome/75.0.3770.100 Safari/537.36"
::1 - - [27/Jun/2019:16:10:21 +0200] "GET / HTTP/1.1" 403 1129 "-" "Mozilla/5.0 (Windows NT 10.0; Win64; x64) AppleWebKit/537.36 (KHTML, like Gecko) Chrome/75.0.3770.100 Safari/537.36"
::1 - - [27/Jun/2019:16:10:21 +0200] "GET /favicon.ico HTTP/1.1" 403 1117 "http://localhost/" "Mozilla/5.0 (Windows NT 10.0; Win64; x64) AppleWebKit/537.36 (KHTML, like Gecko) Chrome/75.0.3770.100 Safari/537.36"
::1 - - [27/Jun/2019:16:10:22 +0200] "GET / HTTP/1.1" 403 1129 "-" "Mozilla/5.0 (Windows NT 10.0; Win64; x64) AppleWebKit/537.36 (KHTML, like Gecko) Chrome/75.0.3770.100 Safari/537.36"
::1 - - [27/Jun/2019:16:10:22 +0200] "GET /favicon.ico HTTP/1.1" 403 1117 "http://localhost/" "Mozilla/5.0 (Windows NT 10.0; Win64; x64) AppleWebKit/537.36 (KHTML, like Gecko) Chrome/75.0.3770.100 Safari/537.36"
::1 - - [27/Jun/2019:16:10:22 +0200] "GET / HTTP/1.1" 403 1129 "-" "Mozilla/5.0 (Windows NT 10.0; Win64; x64) AppleWebKit/537.36 (KHTML, like Gecko) Chrome/75.0.3770.100 Safari/537.36"
::1 - - [27/Jun/2019:16:10:22 +0200] "GET /favicon.ico HTTP/1.1" 403 1117 "http://localhost/" "Mozilla/5.0 (Windows NT 10.0; Win64; x64) AppleWebKit/537.36 (KHTML, like Gecko) Chrome/75.0.3770.100 Safari/537.36"
::1 - - [27/Jun/2019:16:10:26 +0200] "GET / HTTP/1.1" 403 1129 "-" "Mozilla/5.0 (Windows NT 10.0; Win64; x64) AppleWebKit/537.36 (KHTML, like Gecko) Chrome/75.0.3770.100 Safari/537.36"
::1 - - [27/Jun/2019:16:10:26 +0200] "GET /favicon.ico HTTP/1.1" 403 1117 "http://localhost/" "Mozilla/5.0 (Windows NT 10.0; Win64; x64) AppleWebKit/537.36 (KHTML, like Gecko) Chrome/75.0.3770.100 Safari/537.36"
::1 - - [27/Jun/2019:16:10:27 +0200] "GET / HTTP/1.1" 403 1129 "-" "Mozilla/5.0 (Windows NT 10.0; Win64; x64) AppleWebKit/537.36 (KHTML, like Gecko) Chrome/75.0.3770.100 Safari/537.36"
::1 - - [27/Jun/2019:16:10:27 +0200] "GET /favicon.ico HTTP/1.1" 403 1117 "http://localhost/" "Mozilla/5.0 (Windows NT 10.0; Win64; x64) AppleWebKit/537.36 (KHTML, like Gecko) Chrome/75.0.3770.100 Safari/537.36"
::1 - - [27/Jun/2019:16:10:27 +0200] "GET / HTTP/1.1" 403 1129 "-" "Mozilla/5.0 (Windows NT 10.0; Win64; x64) AppleWebKit/537.36 (KHTML, like Gecko) Chrome/75.0.3770.100 Safari/537.36"
::1 - - [27/Jun/2019:16:10:27 +0200] "GET /favicon.ico HTTP/1.1" 403 1117 "http://localhost/" "Mozilla/5.0 (Windows NT 10.0; Win64; x64) AppleWebKit/537.36 (KHTML, like Gecko) Chrome/75.0.3770.100 Safari/537.36"
::1 - - [27/Jun/2019:16:14:06 +0200] "GET /test.xml HTTP/1.1" 403 1117 "-" "Mozilla/5.0 (Windows NT 10.0; Win64; x64) AppleWebKit/537.36 (KHTML, like Gecko) Chrome/75.0.3770.100 Safari/537.36"
::1 - - [27/Jun/2019:16:14:06 +0200] "GET /favicon.ico HTTP/1.1" 403 1117 "http://localhost/test.xml" "Mozilla/5.0 (Windows NT 10.0; Win64; x64) AppleWebKit/537.36 (KHTML, like Gecko) Chrome/75.0.3770.100 Safari/537.36"
::1 - - [27/Jun/2019:16:14:10 +0200] "GET / HTTP/1.1" 403 1129 "-" "Mozilla/5.0 (Windows NT 10.0; Win64; x64) AppleWebKit/537.36 (KHTML, like Gecko) Chrome/75.0.3770.100 Safari/537.36"
::1 - - [27/Jun/2019:16:14:10 +0200] "GET /favicon.ico HTTP/1.1" 403 1117 "http://localhost/" "Mozilla/5.0 (Windows NT 10.0; Win64; x64) AppleWebKit/537.36 (KHTML, like Gecko) Chrome/75.0.3770.100 Safari/537.36"
::1 - - [27/Jun/2019:16:15:35 +0200] "GET / HTTP/1.1" 403 1129 "-" "Mozilla/5.0 (Windows NT 10.0; Win64; x64) AppleWebKit/537.36 (KHTML, like Gecko) Chrome/75.0.3770.100 Safari/537.36"
::1 - - [27/Jun/2019:16:15:35 +0200] "GET /favicon.ico HTTP/1.1" 403 1117 "http://localhost/" "Mozilla/5.0 (Windows NT 10.0; Win64; x64) AppleWebKit/537.36 (KHTML, like Gecko) Chrome/75.0.3770.100 Safari/537.36"
::1 - - [27/Jun/2019:16:15:36 +0200] "GET / HTTP/1.1" 403 1129 "-" "Mozilla/5.0 (Windows NT 10.0; Win64; x64) AppleWebKit/537.36 (KHTML, like Gecko) Chrome/75.0.3770.100 Safari/537.36"
::1 - - [27/Jun/2019:16:15:36 +0200] "GET /favicon.ico HTTP/1.1" 403 1117 "http://localhost/" "Mozilla/5.0 (Windows NT 10.0; Win64; x64) AppleWebKit/537.36 (KHTML, like Gecko) Chrome/75.0.3770.100 Safari/537.36"
::1 - - [27/Jun/2019:16:15:36 +0200] "GET / HTTP/1.1" 403 1129 "-" "Mozilla/5.0 (Windows NT 10.0; Win64; x64) AppleWebKit/537.36 (KHTML, like Gecko) Chrome/75.0.3770.100 Safari/537.36"
::1 - - [27/Jun/2019:16:15:36 +0200] "GET /favicon.ico HTTP/1.1" 403 1117 "http://localhost/" "Mozilla/5.0 (Windows NT 10.0; Win64; x64) AppleWebKit/537.36 (KHTML, like Gecko) Chrome/75.0.3770.100 Safari/537.36"
::1 - - [27/Jun/2019:16:15:43 +0200] "GET / HTTP/1.1" 403 1129 "-" "Mozilla/5.0 (Windows NT 10.0; Win64; x64) AppleWebKit/537.36 (KHTML, like Gecko) Chrome/75.0.3770.100 Safari/537.36"
::1 - - [27/Jun/2019:16:15:43 +0200] "GET /favicon.ico HTTP/1.1" 403 1117 "http://localhost/" "Mozilla/5.0 (Windows NT 10.0; Win64; x64) AppleWebKit/537.36 (KHTML, like Gecko) Chrome/75.0.3770.100 Safari/537.36"
::1 - - [27/Jun/2019:16:15:44 +0200] "GET / HTTP/1.1" 403 1129 "-" "Mozilla/5.0 (Windows NT 10.0; Win64; x64) AppleWebKit/537.36 (KHTML, like Gecko) Chrome/75.0.3770.100 Safari/537.36"
::1 - - [27/Jun/2019:16:15:44 +0200] "GET /favicon.ico HTTP/1.1" 403 1117 "http://localhost/" "Mozilla/5.0 (Windows NT 10.0; Win64; x64) AppleWebKit/537.36 (KHTML, like Gecko) Chrome/75.0.3770.100 Safari/537.36"
::1 - - [27/Jun/2019:16:15:44 +0200] "GET / HTTP/1.1" 403 1129 "-" "Mozilla/5.0 (Windows NT 10.0; Win64; x64) AppleWebKit/537.36 (KHTML, like Gecko) Chrome/75.0.3770.100 Safari/537.36"
::1 - - [27/Jun/2019:16:15:44 +0200] "GET /favicon.ico HTTP/1.1" 403 1117 "http://localhost/" "Mozilla/5.0 (Windows NT 10.0; Win64; x64) AppleWebKit/537.36 (KHTML, like Gecko) Chrome/75.0.3770.100 Safari/537.36"
::1 - - [27/Jun/2019:16:15:44 +0200] "GET / HTTP/1.1" 403 1129 "-" "Mozilla/5.0 (Windows NT 10.0; Win64; x64) AppleWebKit/537.36 (KHTML, like Gecko) Chrome/75.0.3770.100 Safari/537.36"
::1 - - [27/Jun/2019:16:15:44 +0200] "GET /favicon.ico HTTP/1.1" 403 1117 "http://localhost/" "Mozilla/5.0 (Windows NT 10.0; Win64; x64) AppleWebKit/537.36 (KHTML, like Gecko) Chrome/75.0.3770.100 Safari/537.36"
::1 - - [27/Jun/2019:16:19:49 +0200] "GET / HTTP/1.1" 403 1129 "-" "Mozilla/5.0 (Windows NT 10.0; Win64; x64) AppleWebKit/537.36 (KHTML, like Gecko) Chrome/75.0.3770.100 Safari/537.36"
::1 - - [27/Jun/2019:16:19:49 +0200] "GET /favicon.ico HTTP/1.1" 403 1117 "http://localhost/" "Mozilla/5.0 (Windows NT 10.0; Win64; x64) AppleWebKit/537.36 (KHTML, like Gecko) Chrome/75.0.3770.100 Safari/537.36"
::1 - - [27/Jun/2019:16:19:50 +0200] "GET / HTTP/1.1" 403 1129 "-" "Mozilla/5.0 (Windows NT 10.0; Win64; x64) AppleWebKit/537.36 (KHTML, like Gecko) Chrome/75.0.3770.100 Safari/537.36"
::1 - - [27/Jun/2019:16:19:50 +0200] "GET /favicon.ico HTTP/1.1" 403 1117 "http://localhost/" "Mozilla/5.0 (Windows NT 10.0; Win64; x64) AppleWebKit/537.36 (KHTML, like Gecko) Chrome/75.0.3770.100 Safari/537.36"
::1 - - [27/Jun/2019:16:19:50 +0200] "GET / HTTP/1.1" 403 1129 "-" "Mozilla/5.0 (Windows NT 10.0; Win64; x64) AppleWebKit/537.36 (KHTML, like Gecko) Chrome/75.0.3770.100 Safari/537.36"
::1 - - [27/Jun/2019:16:19:50 +0200] "GET /favicon.ico HTTP/1.1" 403 1117 "http://localhost/" "Mozilla/5.0 (Windows NT 10.0; Win64; x64) AppleWebKit/537.36 (KHTML, like Gecko) Chrome/75.0.3770.100 Safari/537.36"
::1 - - [27/Jun/2019:16:19:50 +0200] "GET / HTTP/1.1" 403 1129 "-" "Mozilla/5.0 (Windows NT 10.0; Win64; x64) AppleWebKit/537.36 (KHTML, like Gecko) Chrome/75.0.3770.100 Safari/537.36"
::1 - - [27/Jun/2019:16:19:50 +0200] "GET /favicon.ico HTTP/1.1" 403 1117 "http://localhost/" "Mozilla/5.0 (Windows NT 10.0; Win64; x64) AppleWebKit/537.36 (KHTML, like Gecko) Chrome/75.0.3770.100 Safari/537.36"
::1 - - [27/Jun/2019:16:19:51 +0200] "GET / HTTP/1.1" 403 1129 "-" "Mozilla/5.0 (Windows NT 10.0; Win64; x64) AppleWebKit/537.36 (KHTML, like Gecko) Chrome/75.0.3770.100 Safari/537.36"
::1 - - [27/Jun/2019:16:19:51 +0200] "GET /favicon.ico HTTP/1.1" 403 1117 "http://localhost/" "Mozilla/5.0 (Windows NT 10.0; Win64; x64) AppleWebKit/537.36 (KHTML, like Gecko) Chrome/75.0.3770.100 Safari/537.36"
::1 - - [27/Jun/2019:16:19:51 +0200] "GET / HTTP/1.1" 403 1129 "-" "Mozilla/5.0 (Windows NT 10.0; Win64; x64) AppleWebKit/537.36 (KHTML, like Gecko) Chrome/75.0.3770.100 Safari/537.36"
::1 - - [27/Jun/2019:16:19:51 +0200] "GET /favicon.ico HTTP/1.1" 403 1117 "http://localhost/" "Mozilla/5.0 (Windows NT 10.0; Win64; x64) AppleWebKit/537.36 (KHTML, like Gecko) Chrome/75.0.3770.100 Safari/537.36"
::1 - - [27/Jun/2019:16:19:51 +0200] "GET / HTTP/1.1" 403 1129 "-" "Mozilla/5.0 (Windows NT 10.0; Win64; x64) AppleWebKit/537.36 (KHTML, like Gecko) Chrome/75.0.3770.100 Safari/537.36"
::1 - - [27/Jun/2019:16:19:51 +0200] "GET /favicon.ico HTTP/1.1" 403 1117 "http://localhost/" "Mozilla/5.0 (Windows NT 10.0; Win64; x64) AppleWebKit/537.36 (KHTML, like Gecko) Chrome/75.0.3770.100 Safari/537.36"
::1 - - [27/Jun/2019:16:21:59 +0200] "GET / HTTP/1.1" 403 1129 "-" "Mozilla/5.0 (Windows NT 10.0; Win64; x64) AppleWebKit/537.36 (KHTML, like Gecko) Chrome/75.0.3770.100 Safari/537.36"
::1 - - [27/Jun/2019:16:21:59 +0200] "GET /favicon.ico HTTP/1.1" 403 1117 "http://localhost/" "Mozilla/5.0 (Windows NT 10.0; Win64; x64) AppleWebKit/537.36 (KHTML, like Gecko) Chrome/75.0.3770.100 Safari/537.36"
::1 - - [27/Jun/2019:16:22:00 +0200] "GET / HTTP/1.1" 403 1129 "-" "Mozilla/5.0 (Windows NT 10.0; Win64; x64) AppleWebKit/537.36 (KHTML, like Gecko) Chrome/75.0.3770.100 Safari/537.36"
::1 - - [27/Jun/2019:16:22:00 +0200] "GET /favicon.ico HTTP/1.1" 403 1117 "http://localhost/" "Mozilla/5.0 (Windows NT 10.0; Win64; x64) AppleWebKit/537.36 (KHTML, like Gecko) Chrome/75.0.3770.100 Safari/537.36"
::1 - - [27/Jun/2019:16:22:00 +0200] "GET / HTTP/1.1" 403 1129 "-" "Mozilla/5.0 (Windows NT 10.0; Win64; x64) AppleWebKit/537.36 (KHTML, like Gecko) Chrome/75.0.3770.100 Safari/537.36"
::1 - - [27/Jun/2019:16:22:00 +0200] "GET /favicon.ico HTTP/1.1" 403 1117 "http://localhost/" "Mozilla/5.0 (Windows NT 10.0; Win64; x64) AppleWebKit/537.36 (KHTML, like Gecko) Chrome/75.0.3770.100 Safari/537.36"
::1 - - [27/Jun/2019:16:27:30 +0200] "GET / HTTP/1.1" 403 1129 "-" "Mozilla/5.0 (Windows NT 10.0; Win64; x64) AppleWebKit/537.36 (KHTML, like Gecko) Chrome/75.0.3770.100 Safari/537.36"
::1 - - [27/Jun/2019:16:27:30 +0200] "GET /favicon.ico HTTP/1.1" 403 1117 "http://localhost/" "Mozilla/5.0 (Windows NT 10.0; Win64; x64) AppleWebKit/537.36 (KHTML, like Gecko) Chrome/75.0.3770.100 Safari/537.36"
::1 - - [27/Jun/2019:16:27:31 +0200] "GET / HTTP/1.1" 403 1129 "-" "Mozilla/5.0 (Windows NT 10.0; Win64; x64) AppleWebKit/537.36 (KHTML, like Gecko) Chrome/75.0.3770.100 Safari/537.36"
::1 - - [27/Jun/2019:16:27:31 +0200] "GET /favicon.ico HTTP/1.1" 403 1117 "http://localhost/" "Mozilla/5.0 (Windows NT 10.0; Win64; x64) AppleWebKit/537.36 (KHTML, like Gecko) Chrome/75.0.3770.100 Safari/537.36"
::1 - - [27/Jun/2019:16:27:31 +0200] "GET / HTTP/1.1" 403 1129 "-" "Mozilla/5.0 (Windows NT 10.0; Win64; x64) AppleWebKit/537.36 (KHTML, like Gecko) Chrome/75.0.3770.100 Safari/537.36"
::1 - - [27/Jun/2019:16:27:31 +0200] "GET /favicon.ico HTTP/1.1" 403 1117 "http://localhost/" "Mozilla/5.0 (Windows NT 10.0; Win64; x64) AppleWebKit/537.36 (KHTML, like Gecko) Chrome/75.0.3770.100 Safari/537.36"
::1 - - [27/Jun/2019:16:27:31 +0200] "GET / HTTP/1.1" 403 1129 "-" "Mozilla/5.0 (Windows NT 10.0; Win64; x64) AppleWebKit/537.36 (KHTML, like Gecko) Chrome/75.0.3770.100 Safari/537.36"
::1 - - [27/Jun/2019:16:27:31 +0200] "GET /favicon.ico HTTP/1.1" 403 1117 "http://localhost/" "Mozilla/5.0 (Windows NT 10.0; Win64; x64) AppleWebKit/537.36 (KHTML, like Gecko) Chrome/75.0.3770.100 Safari/537.36"
::1 - - [27/Jun/2019:16:29:10 +0200] "GET / HTTP/1.1" 403 1129 "-" "Mozilla/5.0 (Windows NT 10.0; Win64; x64) AppleWebKit/537.36 (KHTML, like Gecko) Chrome/75.0.3770.100 Safari/537.36"
::1 - - [27/Jun/2019:16:29:10 +0200] "GET /favicon.ico HTTP/1.1" 403 1117 "http://localhost/" "Mozilla/5.0 (Windows NT 10.0; Win64; x64) AppleWebKit/537.36 (KHTML, like Gecko) Chrome/75.0.3770.100 Safari/537.36"
::1 - - [27/Jun/2019:16:29:11 +0200] "GET / HTTP/1.1" 403 1129 "-" "Mozilla/5.0 (Windows NT 10.0; Win64; x64) AppleWebKit/537.36 (KHTML, like Gecko) Chrome/75.0.3770.100 Safari/537.36"
::1 - - [27/Jun/2019:16:29:11 +0200] "GET /favicon.ico HTTP/1.1" 403 1117 "http://localhost/" "Mozilla/5.0 (Windows NT 10.0; Win64; x64) AppleWebKit/537.36 (KHTML, like Gecko) Chrome/75.0.3770.100 Safari/537.36"
::1 - - [27/Jun/2019:17:11:47 +0200] "GET / HTTP/1.1" 403 1129 "-" "Mozilla/5.0 (Windows NT 10.0; Win64; x64) AppleWebKit/537.36 (KHTML, like Gecko) Chrome/75.0.3770.100 Safari/537.36"
::1 - - [27/Jun/2019:17:11:47 +0200] "GET /favicon.ico HTTP/1.1" 403 1117 "http://localhost/" "Mozilla/5.0 (Windows NT 10.0; Win64; x64) AppleWebKit/537.36 (KHTML, like Gecko) Chrome/75.0.3770.100 Safari/537.36"
::1 - - [27/Jun/2019:17:11:47 +0200] "GET / HTTP/1.1" 403 1129 "-" "Mozilla/5.0 (Windows NT 10.0; Win64; x64) AppleWebKit/537.36 (KHTML, like Gecko) Chrome/75.0.3770.100 Safari/537.36"
::1 - - [27/Jun/2019:17:11:47 +0200] "GET /favicon.ico HTTP/1.1" 403 1117 "http://localhost/" "Mozilla/5.0 (Windows NT 10.0; Win64; x64) AppleWebKit/537.36 (KHTML, like Gecko) Chrome/75.0.3770.100 Safari/537.36"
::1 - - [27/Jun/2019:17:11:50 +0200] "GET /phpmyadmin/ HTTP/1.1" 403 1129 "-" "Mozilla/5.0 (Windows NT 10.0; Win64; x64) AppleWebKit/537.36 (KHTML, like Gecko) Chrome/75.0.3770.100 Safari/537.36"
::1 - - [27/Jun/2019:17:11:50 +0200] "GET /favicon.ico HTTP/1.1" 403 1117 "http://localhost/phpmyadmin/" "Mozilla/5.0 (Windows NT 10.0; Win64; x64) AppleWebKit/537.36 (KHTML, like Gecko) Chrome/75.0.3770.100 Safari/537.36"
