PHP Warning:  Cannot open '..\\php\\extras\\browscap.ini' for reading in Unknown on line 0
[Mon Jul 08 18:35:10.452143 2019] [mpm_winnt:notice] [pid 8532:tid 708] AH00455: Apache/2.4.39 (Win64) PHP/7.3.6 configured -- resuming normal operations
[Mon Jul 08 18:35:10.452143 2019] [mpm_winnt:notice] [pid 8532:tid 708] AH00456: Apache Lounge VC15 Server built: May 29 2019 11:22:50
[Mon Jul 08 18:35:10.452143 2019] [core:notice] [pid 8532:tid 708] AH00094: Command line: 'd:\\git\\wikipediawordcloud\\xampp\\apache\\bin\\httpd.exe -d D:/Git/WikipediaWordCloud/xampp/apache'
[Mon Jul 08 18:35:10.468091 2019] [mpm_winnt:notice] [pid 8532:tid 708] AH00418: Parent: Created child process 6348
PHP Warning:  Cannot open '..\\php\\extras\\browscap.ini' for reading in Unknown on line 0
[Mon Jul 08 18:35:12.595724 2019] [mpm_winnt:notice] [pid 6348:tid 596] AH00354: Child: Starting 150 worker threads.
[Mon Jul 08 18:35:53.009277 2019] [php7:warn] [pid 6348:tid 1832] [client 127.0.0.1:52382] PHP Warning:  mysqli::__construct(): (HY000/1049): Unknown database 'wikicloud' in D:\\Git\\WikipediaWordCloud\\xampp\\htdocs\\dbConnect.php on line 8
[Mon Jul 08 18:38:52.774283 2019] [php7:notice] [pid 6348:tid 1820] [client 127.0.0.1:52434] PHP Notice:  Unknown: file created in the system's temporary directory in Unknown on line 0
[Mon Jul 08 18:42:13.673586 2019] [php7:notice] [pid 6348:tid 1824] [client 127.0.0.1:52499] PHP Notice:  Unknown: file created in the system's temporary directory in Unknown on line 0
[Mon Jul 08 18:42:13.677582 2019] [php7:warn] [pid 6348:tid 1824] [client 127.0.0.1:52499] PHP Warning:  Cannot modify header information - headers already sent in Unknown on line 0
[Mon Jul 08 18:46:50.015078 2019] [php7:notice] [pid 6348:tid 1820] [client 127.0.0.1:52551] PHP Notice:  Unknown: file created in the system's temporary directory in Unknown on line 0
[Mon Jul 08 18:46:50.017190 2019] [php7:warn] [pid 6348:tid 1820] [client 127.0.0.1:52551] PHP Warning:  Cannot modify header information - headers already sent in Unknown on line 0
[Mon Jul 08 18:58:13.006364 2019] [core:warn] [pid 8404:tid 560] AH00098: pid file C:/Users/Kai/Documents/repositories/WikipediaWordCloud/xampp/apache/logs/httpd.pid overwritten -- Unclean shutdown of previous Apache run?
PHP Warning:  Cannot open '..\\php\\extras\\browscap.ini' for reading in Unknown on line 0
[Mon Jul 08 18:58:13.226228 2019] [mpm_winnt:notice] [pid 8404:tid 560] AH00455: Apache/2.4.39 (Win64) PHP/7.3.6 configured -- resuming normal operations
[Mon Jul 08 18:58:13.226228 2019] [mpm_winnt:notice] [pid 8404:tid 560] AH00456: Apache Lounge VC15 Server built: May 29 2019 11:22:50
[Mon Jul 08 18:58:13.226228 2019] [core:notice] [pid 8404:tid 560] AH00094: Command line: 'c:\\users\\kai\\documents\\repositories\\wikipediawordcloud\\xampp\\apache\\bin\\httpd.exe -d C:/Users/Kai/Documents/repositories/WikipediaWordCloud/xampp/apache'
[Mon Jul 08 18:58:13.254210 2019] [mpm_winnt:notice] [pid 8404:tid 560] AH00418: Parent: Created child process 9236
PHP Warning:  Cannot open '..\\php\\extras\\browscap.ini' for reading in Unknown on line 0
[Mon Jul 08 18:58:13.910889 2019] [mpm_winnt:notice] [pid 9236:tid 632] AH00354: Child: Starting 150 worker threads.
[Mon Jul 08 20:16:47.116371 2019] [core:warn] [pid 10340:tid 600] AH00098: pid file D:/Git/WikipediaWordCloud/xampp/apache/logs/httpd.pid overwritten -- Unclean shutdown of previous Apache run?
PHP Warning:  Cannot open '..\\php\\extras\\browscap.ini' for reading in Unknown on line 0
[Mon Jul 08 20:16:47.172216 2019] [mpm_winnt:notice] [pid 10340:tid 600] AH00455: Apache/2.4.39 (Win64) PHP/7.3.6 configured -- resuming normal operations
[Mon Jul 08 20:16:47.172216 2019] [mpm_winnt:notice] [pid 10340:tid 600] AH00456: Apache Lounge VC15 Server built: May 29 2019 11:22:50
[Mon Jul 08 20:16:47.172216 2019] [core:notice] [pid 10340:tid 600] AH00094: Command line: 'd:\\git\\wikipediawordcloud\\xampp\\apache\\bin\\httpd.exe -d D:/Git/WikipediaWordCloud/xampp/apache'
[Mon Jul 08 20:16:47.181194 2019] [mpm_winnt:notice] [pid 10340:tid 600] AH00418: Parent: Created child process 9072
[Mon Jul 08 20:17:42.188589 2019] [core:warn] [pid 6296:tid 656] AH00098: pid file D:/Git/WikipediaWordCloud/xampp/apache/logs/httpd.pid overwritten -- Unclean shutdown of previous Apache run?
PHP Warning:  Cannot open '..\\php\\extras\\browscap.ini' for reading in Unknown on line 0
[Mon Jul 08 20:17:42.481804 2019] [mpm_winnt:notice] [pid 6296:tid 656] AH00455: Apache/2.4.39 (Win64) PHP/7.3.6 configured -- resuming normal operations
[Mon Jul 08 20:17:42.481804 2019] [mpm_winnt:notice] [pid 6296:tid 656] AH00456: Apache Lounge VC15 Server built: May 29 2019 11:22:50
[Mon Jul 08 20:17:42.481804 2019] [core:notice] [pid 6296:tid 656] AH00094: Command line: 'd:\\git\\wikipediawordcloud\\xampp\\apache\\bin\\httpd.exe -d D:/Git/WikipediaWordCloud/xampp/apache'
[Mon Jul 08 20:17:42.492775 2019] [mpm_winnt:notice] [pid 6296:tid 656] AH00418: Parent: Created child process 15556
PHP Warning:  Cannot open '..\\php\\extras\\browscap.ini' for reading in Unknown on line 0
[Mon Jul 08 20:17:43.524093 2019] [mpm_winnt:notice] [pid 15556:tid 164] AH00354: Child: Starting 150 worker threads.
[Mon Jul 08 20:21:27.571868 2019] [php7:warn] [pid 15556:tid 1844] [client 127.0.0.1:53041] PHP Warning:  DOMDocument::load(): I/O warning : failed to load external entity &quot;file:/D:/Git/WikipediaWordCloud/xampp/htdocs/xslt/Bill%20Gates.xml&quot; in D:\\Git\\WikipediaWordCloud\\xampp\\htdocs\\xslt\\index.php on line 4
[Mon Jul 08 21:08:10.186850 2019] [core:warn] [pid 9144:tid 672] AH00098: pid file C:/Users/Kai/Documents/repositories/WikipediaWordCloud/xampp/apache/logs/httpd.pid overwritten -- Unclean shutdown of previous Apache run?
PHP Warning:  Cannot open '..\\php\\extras\\browscap.ini' for reading in Unknown on line 0
[Mon Jul 08 21:08:10.238817 2019] [mpm_winnt:notice] [pid 9144:tid 672] AH00455: Apache/2.4.39 (Win64) PHP/7.3.6 configured -- resuming normal operations
[Mon Jul 08 21:08:10.238817 2019] [mpm_winnt:notice] [pid 9144:tid 672] AH00456: Apache Lounge VC15 Server built: May 29 2019 11:22:50
[Mon Jul 08 21:08:10.238817 2019] [core:notice] [pid 9144:tid 672] AH00094: Command line: 'c:\\users\\kai\\documents\\repositories\\wikipediawordcloud\\xampp\\apache\\bin\\httpd.exe -d C:/Users/Kai/Documents/repositories/WikipediaWordCloud/xampp/apache'
[Mon Jul 08 21:08:10.251811 2019] [mpm_winnt:notice] [pid 9144:tid 672] AH00418: Parent: Created child process 13640
PHP Warning:  Cannot open '..\\php\\extras\\browscap.ini' for reading in Unknown on line 0
[Mon Jul 08 21:08:10.978542 2019] [mpm_winnt:notice] [pid 13640:tid 572] AH00354: Child: Starting 150 worker threads.
[Mon Jul 08 21:23:58.386603 2019] [mpm_winnt:crit] [pid 13640:tid 572] AH02538: Child: Parent process exited abruptly. Child process is ending
